<?xml version="1.0" encoding="UTF-8"?>
<testsuite xmlns:xsi="http://www.w3.org/2001/XMLSchema-instance" xsi:noNamespaceSchemaLocation="https://maven.apache.org/surefire/maven-surefire-plugin/xsd/surefire-test-report.xsd" name="com.testing.FirstTest" time="1.156" tests="6" errors="0" skipped="0" failures="0">
  <properties>
    <property name="java.specification.version" value="21"/>
    <property name="sun.jnu.encoding" value="UTF-8"/>
    <property name="java.class.path" value="/Users/aafatihova/Documents/programming_technologies/TZ2/tech_specification_2/target/test-classes:/Users/aafatihova/Documents/programming_technologies/TZ2/tech_specification_2/target/classes:/Users/aafatihova/.m2/repository/junit/junit/4.11/junit-4.11.jar:/Users/aafatihova/.m2/repository/org/hamcrest/hamcrest-core/1.3/hamcrest-core-1.3.jar:"/>
    <property name="java.vm.vendor" value="Oracle Corporation"/>
    <property name="sun.arch.data.model" value="64"/>
    <property name="java.vendor.url" value="https://java.oracle.com/"/>
    <property name="os.name" value="Mac OS X"/>
    <property name="java.vm.specification.version" value="21"/>
    <property name="sun.java.launcher" value="SUN_STANDARD"/>
    <property name="user.country" value="RU"/>
    <property name="sun.boot.library.path" value="/Users/aafatihova/Library/Java/JavaVirtualMachines/openjdk-21.0.1/Contents/Home/lib"/>
    <property name="sun.java.command" value="/Users/aafatihova/Documents/programming_technologies/TZ2/tech_specification_2/target/surefire/surefirebooter6626090884195809828.jar /Users/aafatihova/Documents/programming_technologies/TZ2/tech_specification_2/target/surefire 2024-05-12T18-19-57_749-jvmRun1 surefire11934293779812298701tmp surefire_014203109432605306422tmp"/>
    <property name="http.nonProxyHosts" value="local|*.local|169.254/16|*.169.254/16"/>
    <property name="jdk.debug" value="release"/>
    <property name="surefire.test.class.path" value="/Users/aafatihova/Documents/programming_technologies/TZ2/tech_specification_2/target/test-classes:/Users/aafatihova/Documents/programming_technologies/TZ2/tech_specification_2/target/classes:/Users/aafatihova/.m2/repository/junit/junit/4.11/junit-4.11.jar:/Users/aafatihova/.m2/repository/org/hamcrest/hamcrest-core/1.3/hamcrest-core-1.3.jar:"/>
    <property name="sun.cpu.endian" value="little"/>
    <property name="user.home" value="/Users/aafatihova"/>
    <property name="user.language" value="ru"/>
    <property name="java.specification.vendor" value="Oracle Corporation"/>
    <property name="java.version.date" value="2023-10-17"/>
    <property name="java.home" value="/Users/aafatihova/Library/Java/JavaVirtualMachines/openjdk-21.0.1/Contents/Home"/>
    <property name="file.separator" value="/"/>
    <property name="basedir" value="/Users/aafatihova/Documents/programming_technologies/TZ2/tech_specification_2"/>
    <property name="java.vm.compressedOopsMode" value="Zero based"/>
    <property name="line.separator" value="&#10;"/>
    <property name="java.vm.specification.vendor" value="Oracle Corporation"/>
    <property name="java.specification.name" value="Java Platform API Specification"/>
    <property name="apple.awt.application.name" value="ForkedBooter"/>
    <property name="surefire.real.class.path" value="/Users/aafatihova/Documents/programming_technologies/TZ2/tech_specification_2/target/surefire/surefirebooter6626090884195809828.jar"/>
    <property name="sun.management.compiler" value="HotSpot 64-Bit Tiered Compilers"/>
    <property name="ftp.nonProxyHosts" value="local|*.local|169.254/16|*.169.254/16"/>
    <property name="java.runtime.version" value="21.0.1+12-29"/>
    <property name="user.name" value="aafatihova"/>
    <property name="stdout.encoding" value="UTF-8"/>
    <property name="path.separator" value=":"/>
    <property name="os.version" value="13.2.1"/>
    <property name="java.runtime.name" value="OpenJDK Runtime Environment"/>
    <property name="file.encoding" value="UTF-8"/>
    <property name="java.vm.name" value="OpenJDK 64-Bit Server VM"/>
    <property name="localRepository" value="/Users/aafatihova/.m2/repository"/>
    <property name="java.vendor.url.bug" value="https://bugreport.java.com/bugreport/"/>
    <property name="java.io.tmpdir" value="/var/folders/2n/3j25tjp56r3dh1l172gq05gc0000gn/T/"/>
    <property name="java.version" value="21.0.1"/>
    <property name="user.dir" value="/Users/aafatihova/Documents/programming_technologies/TZ2/tech_specification_2"/>
    <property name="os.arch" value="x86_64"/>
    <property name="java.vm.specification.name" value="Java Virtual Machine Specification"/>
    <property name="native.encoding" value="UTF-8"/>
    <property name="java.library.path" value="/Users/aafatihova/Library/Java/Extensions:/Library/Java/Extensions:/Network/Library/Java/Extensions:/System/Library/Java/Extensions:/usr/lib/java:."/>
    <property name="java.vm.info" value="mixed mode, sharing"/>
    <property name="stderr.encoding" value="UTF-8"/>
    <property name="java.vendor" value="Oracle Corporation"/>
    <property name="java.vm.version" value="21.0.1+12-29"/>
    <property name="sun.io.unicode.encoding" value="UnicodeBig"/>
    <property name="socksNonProxyHosts" value="local|*.local|169.254/16|*.169.254/16"/>
    <property name="java.class.version" value="65.0"/>
  </properties>
  <testcase name="GetMinValue" classname="com.testing.FirstTest" time="0.026"/>
  <testcase name="GetMaxValue" classname="com.testing.FirstTest" time="0.008"/>
  <testcase name="testSpeedOfOperationsWithDifferentNumberOfFiles" classname="com.testing.FirstTest" time="0.693"/>
  <testcase name="testSpeedOfOperationsWithDifferentFileSizes" classname="com.testing.FirstTest" time="0.365"/>
  <testcase name="GetMult" classname="com.testing.FirstTest" time="0.013"/>
  <testcase name="GetSum" classname="com.testing.FirstTest" time="0.003"/>
</testsuite>